<?xml version="1.0" encoding="UTF-8"?>
<!-- Generated by org.testng.reporters.JUnitReportReporter -->
<testsuite hostname="welcome-PC" failures="0" tests="1" name="com.sauceDemo.TestClasses.TC001VerifyLoginFunctionality" time="14.932" errors="0" timestamp="2022-08-05T23:38:03 IST" skipped="0">
  <testcase classname="com.sauceDemo.TestClasses.TC001VerifyLoginFunctionality" name="loginFunctionality" time="14.932"/>
  <system-out/>
</testsuite> <!-- com.sauceDemo.TestClasses.TC001VerifyLoginFunctionality -->
