<?xml version="1.0" encoding="UTF-8"?>
<!-- Generated by org.testng.reporters.JUnitReportReporter -->
<testsuite hostname="welcome-PC" failures="0" tests="1" name="com.sauceDemo.TestClasses.TC004VerifyAbleToAddMultipleProductIncart" time="11.556" errors="0" timestamp="2022-08-05T16:23:13 IST" skipped="0">
  <testcase classname="com.sauceDemo.TestClasses.TC004VerifyAbleToAddMultipleProductIncart" name="Multiproductaddtocartfunctionality" time="11.556"/>
  <system-out/>
</testsuite> <!-- com.sauceDemo.TestClasses.TC004VerifyAbleToAddMultipleProductIncart -->
